2025-11-12 11:56:21,066 INFO backend.tasks.React:execute_with_plan:352 - Attempts: 1

2025-11-12 11:56:21,066 INFO backend.tasks.React:execute_with_plan:356 - [ReAct Guided] Finalizing answer...

2025-11-12 11:56:21,066 INFO backend.tasks.React:execute_with_plan:364 - Generating comprehensive final answer from all steps...

2025-11-12 11:56:21,068 INFO httpx:_send_single_request:1740 - HTTP Request: POST http://127.0.0.1:11434/api/chat "HTTP/1.1 200 OK"

2025-11-12 11:56:23,225 WARNING backend.tools.python_coder_tool:execute_code_task:425 - [PythonCoderTool] ?좑툘  Verification issues found (4):

2025-11-12 11:56:23,226 WARNING backend.tools.python_coder_tool:execute_code_task:427 - 1. The provided code uses the filename 'complex_json.json'. The previous steps and plan execution context refer to a DataFrame 'df' which is expected to be read from JSON. The dataframe 'df' is not explicitly loaded in the code snippet, nor is a file path used to load it. There may be an issue with where this dataframe comes from.

2025-11-12 11:56:23,226 WARNING backend.tools.python_coder_tool:execute_code_task:427 - 2. The filename used in the `get_extreme_kurtosis_files` function ('complex_json.json') does not match any of the filenames that were used in previous successful runs, which used a file named 'data.json'. This inconsistency could lead to a `FileNotFoundError`.

2025-11-12 11:56:23,227 WARNING backend.tools.python_coder_tool:execute_code_task:427 - 3. The `pd.read_json` function is not provided with an encoding argument. This might lead to issues if the JSON file has specific encoding requirements (e.g., UTF-8 with BOM).

2025-11-12 11:56:23,227 WARNING backend.tools.python_coder_tool:execute_code_task:427 - 4. While error handling is present for `FileNotFoundError` and general exceptions, there's no specific error handling for `json.JSONDecodeError`. If the JSON file is malformed, this could cause a crash.

2025-11-12 11:56:23,228 INFO backend.tools.python_coder_tool:execute_code_task:428 - [PythonCoderTool] Modifying code to address issues...

2025-11-12 11:56:23,824 INFO httpx:_send_single_request:1740 - HTTP Request: POST http://127.0.0.1:11434/api/chat "HTTP/1.1 200 OK"

2025-11-12 11:56:28,789 INFO backend.tasks.React:execute_with_plan:371 - [ReAct Agent: GUIDED MODE] EXECUTION COMPLETED

2025-11-12 11:56:28,789 INFO backend.tasks.React:execute_with_plan:372 - Total steps executed: 6

2025-11-12 11:56:28,790 INFO backend.tasks.React:execute_with_plan:373 - Successful steps: 5/6

2025-11-12 11:56:28,791 INFO backend.tasks.Plan_execute:execute:261 - [Plan-Execute] Phase 3: Analyzing execution results...

2025-11-12 11:56:28,791 INFO backend.tasks.Plan_execute:execute:271 - [Plan-Execute] Execution completed:

2025-11-12 11:56:28,791 INFO backend.tasks.Plan_execute:execute:272 - - Total steps: 6

2025-11-12 11:56:28,792 INFO backend.tasks.Plan_execute:execute:273 - - Successful steps: 5/6 (83.3%)

2025-11-12 11:56:28,792 INFO backend.tasks.Plan_execute:execute:274 - - Tools used: chat, python_coder

2025-11-12 11:56:28,805 INFO backend.api.routes:chat_completions:285 - [Chat] Saved conversation to session fb110a1a-4a65-46a0-a0a5-1e4cf07da9e9 (task_type: agentic)

2025-11-12 11:56:28,805 INFO backend.api.routes:chat_completions:287 - [Chat] Agent metadata included: ['agent_type', 'architecture', 'planning', 'execution', 'summary', 'agent_selected', 'agent_selection_mode']

2025-11-12 11:56:29,852 INFO httpx:_send_single_request:1740 - HTTP Request: POST http://127.0.0.1:11434/api/chat "HTTP/1.1 200 OK"

2025-11-12 11:56:37,069 INFO backend.tools.python_coder_tool:_modify_code:1445 - [PythonCoderTool] Modified code (4 changes)

2025-11-12 11:56:37,070 INFO backend.tools.python_coder_tool:execute_code_task:409 - [PythonCoderTool] Verification iteration 2/5

2025-11-12 11:56:38,892 INFO httpx:_send_single_request:1740 - HTTP Request: POST http://127.0.0.1:11434/api/chat "HTTP/1.1 200 OK"

2025-11-12 11:56:42,062 WARNING backend.tools.python_coder_tool:execute_code_task:425 - [PythonCoderTool] ?좑툘  Verification issues found (3):

2025-11-12 11:56:42,062 WARNING backend.tools.python_coder_tool:execute_code_task:427 - 1. Filename 'data.json' does not match any of the provided filenames. It should be an exact match.

2025-11-12 11:56:42,063 WARNING backend.tools.python_coder_tool:execute_code_task:427 - 2. The code doesn't include error handling for `json.JSONDecodeError`. This can occur if the JSON file is malformed.

2025-11-12 11:56:42,063 WARNING backend.tools.python_coder_tool:execute_code_task:427 - 3. The provided function doesn't include a check to ensure the dataframe 'df' has a column named 'kurtosis'.  Accessing a non-existent column will raise a KeyError.

2025-11-12 11:56:42,064 INFO backend.tools.python_coder_tool:execute_code_task:428 - [PythonCoderTool] Modifying code to address issues...

2025-11-12 11:56:43,244 INFO httpx:_send_single_request:1740 - HTTP Request: POST http://127.0.0.1:11434/api/chat "HTTP/1.1 200 OK"

2025-11-12 11:56:52,533 INFO backend.tools.python_coder_tool:_modify_code:1445 - [PythonCoderTool] Modified code (3 changes)

2025-11-12 11:56:52,534 INFO backend.tools.python_coder_tool:execute_code_task:409 - [PythonCoderTool] Verification iteration 3/5

2025-11-12 11:56:54,374 INFO httpx:_send_single_request:1740 - HTTP Request: POST http://127.0.0.1:11434/api/chat "HTTP/1.1 200 OK"

2025-11-12 11:56:57,454 WARNING backend.tools.python_coder_tool:execute_code_task:425 - [PythonCoderTool] ?좑툘  Verification issues found (3):

2025-11-12 11:56:57,454 WARNING backend.tools.python_coder_tool:execute_code_task:427 - 1. The code uses the filename 'data.json', which is not a permitted filename. It must be one of the listed files.

2025-11-12 11:56:57,455 WARNING backend.tools.python_coder_tool:execute_code_task:427 - 2. The code does not handle the case where the 'kurtosis' column does not exist in the DataFrame. This would lead to a KeyError.

2025-11-12 11:56:57,455 WARNING backend.tools.python_coder_tool:execute_code_task:427 - 3. The code lacks an `import json` statement.  The `json.JSONDecodeError` handling requires `import json` to work correctly.

2025-11-12 11:56:57,456 INFO backend.tools.python_coder_tool:execute_code_task:428 - [PythonCoderTool] Modifying code to address issues...

2025-11-12 11:56:58,706 INFO httpx:_send_single_request:1740 - HTTP Request: POST http://127.0.0.1:11434/api/chat "HTTP/1.1 200 OK"

2025-11-12 11:57:08,013 INFO backend.tools.python_coder_tool:_modify_code:1445 - [PythonCoderTool] Modified code (3 changes)

2025-11-12 11:57:08,014 INFO backend.tools.python_coder_tool:execute_code_task:409 - [PythonCoderTool] Verification iteration 4/5

2025-11-12 11:57:09,855 INFO httpx:_send_single_request:1740 - HTTP Request: POST http://127.0.0.1:11434/api/chat "HTTP/1.1 200 OK"

2025-11-12 11:57:14,857 WARNING backend.tools.python_coder_tool:execute_code_task:425 - [PythonCoderTool] ?좑툘  Verification issues found (4):

2025-11-12 11:57:14,858 WARNING backend.tools.python_coder_tool:execute_code_task:427 - 1. Filename 'data.json' does not match any of the available files. It should be one of 'complex_json.json'.

2025-11-12 11:57:14,859 WARNING backend.tools.python_coder_tool:execute_code_task:427 - 2. The code attempts to open and read a JSON file specified by the variable 'file_path'. The value of this variable is 'data.json', which does not exist. This will lead to a FileNotFoundError.

2025-11-12 11:57:14,859 WARNING backend.tools.python_coder_tool:execute_code_task:427 - 3. The function `get_extreme_kurtosis_files` is defined, but it takes a file path. There is no instruction on how to pass this function the file_path.

2025-11-12 11:57:14,859 WARNING backend.tools.python_coder_tool:execute_code_task:427 - 4. The code attempts to load the data with `pd.read_json(file_path)`.  While this is valid syntax, without a correctly specified `file_path` it will raise a `FileNotFoundError`.

2025-11-12 11:57:14,860 INFO backend.tools.python_coder_tool:execute_code_task:428 - [PythonCoderTool] Modifying code to address issues...

2025-11-12 11:57:16,169 INFO httpx:_send_single_request:1740 - HTTP Request: POST http://127.0.0.1:11434/api/chat "HTTP/1.1 200 OK"

2025-11-12 11:57:25,514 INFO backend.tools.python_coder_tool:_modify_code:1445 - [PythonCoderTool] Modified code (4 changes)

2025-11-12 11:57:25,515 INFO backend.tools.python_coder_tool:execute_code_task:409 - [PythonCoderTool] Verification iteration 5/5

2025-11-12 11:57:27,354 INFO httpx:_send_single_request:1740 - HTTP Request: POST http://127.0.0.1:11434/api/chat "HTTP/1.1 200 OK"

2025-11-12 11:57:32,707 WARNING backend.tools.python_coder_tool:execute_code_task:425 - [PythonCoderTool] ?좑툘  Verification issues found (3):

2025-11-12 11:57:32,708 WARNING backend.tools.python_coder_tool:execute_code_task:427 - 1. The code attempts to load 'complex_json.json' using pandas.read_json.  However, the complex_json.json file contains nested dictionaries and lists, not a simple tabular structure suitable for pandas. This will cause a json.JSONDecodeError. The provided data structure is highly complex and requires a different parsing approach, likely involving recursion or a more sophisticated JSON parsing libra...

2025-11-12 11:57:32,709 WARNING backend.tools.python_coder_tool:execute_code_task:427 - 2. The `get_extreme_kurtosis_files` function is designed to handle a DataFrame. However, the `complex_json.json` file does not lend itself to DataFrame creation. The attempt to read it as JSON with `pd.read_json` will fail.

2025-11-12 11:57:32,709 WARNING backend.tools.python_coder_tool:execute_code_task:427 - 3. The code uses `pd.read_json`, but the data is a complex JSON with nested structures, making it unsuitable for direct DataFrame creation. This is a critical error.

2025-11-12 11:57:32,710 INFO backend.tools.python_coder_tool:execute_code_task:428 - [PythonCoderTool] Modifying code to address issues...

2025-11-12 11:57:34,007 INFO httpx:_send_single_request:1740 - HTTP Request: POST http://127.0.0.1:11434/api/chat "HTTP/1.1 200 OK"

2025-11-12 11:57:43,360 INFO backend.tools.python_coder_tool:_modify_code:1445 - [PythonCoderTool] Modified code (3 changes)

2025-11-12 11:57:43,361 WARNING backend.tools.python_coder_tool:execute_code_task:437 - [PythonCoderTool] Max verification iterations reached, proceeding with execution

2025-11-12 11:57:43,361 INFO backend.tools.python_coder_tool:execute_code_task:448 - [PythonCoderTool] Execution attempt 1/5

2025-11-12 11:57:43,363 INFO backend.tools.python_coder_tool:execute:141 - [CodeExecutor] Using execution directory: D:\ollama_LLM\LLM_API\data\scratch\fb110a1a-4a65-46a0-a0a5-1e4cf07da9e9

2025-11-12 11:57:43,365 ERROR backend.tools.python_coder_tool:execute:258 - [CodeExecutor] Execution failed: [WinError 2] 吏?뺣맂 ?뚯씪??李얠쓣 ???놁뒿?덈떎

2025-11-12 11:57:43,365 ERROR backend.tools.python_coder_tool:execute_code_task:466 - [PythonCoderTool] ??Execution failed on attempt 1

2025-11-12 11:57:43,366 ERROR backend.tools.python_coder_tool:execute_code_task:467 - [PythonCoderTool] Error: [WinError 2] 吏?뺣맂 ?뚯씪??李얠쓣 ???놁뒿?덈떎...

2025-11-12 11:57:43,366 INFO backend.tools.python_coder_tool:execute_code_task:468 - [PythonCoderTool] Attempting to fix code...

2025-11-12 11:57:44,603 INFO httpx:_send_single_request:1740 - HTTP Request: POST http://127.0.0.1:11434/api/chat "HTTP/1.1 200 OK"

2025-11-12 11:57:54,020 INFO backend.tools.python_coder_tool:_fix_execution_error:1499 - [PythonCoderTool] Fixed code after execution error

2025-11-12 11:57:54,021 INFO backend.tools.python_coder_tool:execute_code_task:448 - [PythonCoderTool] Execution attempt 2/5

2025-11-12 11:57:54,022 INFO backend.tools.python_coder_tool:execute:141 - [CodeExecutor] Using execution directory: D:\ollama_LLM\LLM_API\data\scratch\fb110a1a-4a65-46a0-a0a5-1e4cf07da9e9

2025-11-12 11:57:54,024 ERROR backend.tools.python_coder_tool:execute:258 - [CodeExecutor] Execution failed: [WinError 2] 吏?뺣맂 ?뚯씪??李얠쓣 ???놁뒿?덈떎

2025-11-12 11:57:54,024 ERROR backend.tools.python_coder_tool:execute_code_task:466 - [PythonCoderTool] ??Execution failed on attempt 2

2025-11-12 11:57:54,025 ERROR backend.tools.python_coder_tool:execute_code_task:467 - [PythonCoderTool] Error: [WinError 2] 吏?뺣맂 ?뚯씪??李얠쓣 ???놁뒿?덈떎...

2025-11-12 11:57:54,025 INFO backend.tools.python_coder_tool:execute_code_task:468 - [PythonCoderTool] Attempting to fix code...

2025-11-12 11:57:55,243 INFO httpx:_send_single_request:1740 - HTTP Request: POST http://127.0.0.1:11434/api/chat "HTTP/1.1 200 OK"

2025-11-12 11:58:04,655 INFO backend.tools.python_coder_tool:_fix_execution_error:1499 - [PythonCoderTool] Fixed code after execution error

2025-11-12 11:58:04,656 INFO backend.tools.python_coder_tool:execute_code_task:448 - [PythonCoderTool] Execution attempt 3/5

2025-11-12 11:58:04,657 INFO backend.tools.python_coder_tool:execute:141 - [CodeExecutor] Using execution directory: D:\ollama_LLM\LLM_API\data\scratch\fb110a1a-4a65-46a0-a0a5-1e4cf07da9e9

2025-11-12 11:58:04,658 ERROR backend.tools.python_coder_tool:execute:258 - [CodeExecutor] Execution failed: [WinError 2] 吏?뺣맂 ?뚯씪??李얠쓣 ???놁뒿?덈떎

2025-11-12 11:58:04,659 ERROR backend.tools.python_coder_tool:execute_code_task:466 - [PythonCoderTool] ??Execution failed on attempt 3

2025-11-12 11:58:04,659 ERROR backend.tools.python_coder_tool:execute_code_task:467 - [PythonCoderTool] Error: [WinError 2] 吏?뺣맂 ?뚯씪??李얠쓣 ???놁뒿?덈떎...

2025-11-12 11:58:04,660 INFO backend.tools.python_coder_tool:execute_code_task:468 - [PythonCoderTool] Attempting to fix code...

2025-11-12 11:58:05,899 INFO httpx:_send_single_request:1740 - HTTP Request: POST http://127.0.0.1:11434/api/chat "HTTP/1.1 200 OK"

2025-11-12 11:58:15,314 INFO backend.tools.python_coder_tool:_fix_execution_error:1499 - [PythonCoderTool] Fixed code after execution error

2025-11-12 11:58:15,315 INFO backend.tools.python_coder_tool:execute_code_task:448 - [PythonCoderTool] Execution attempt 4/5

2025-11-12 11:58:15,317 INFO backend.tools.python_coder_tool:execute:141 - [CodeExecutor] Using execution directory: D:\ollama_LLM\LLM_API\data\scratch\fb110a1a-4a65-46a0-a0a5-1e4cf07da9e9

2025-11-12 11:58:15,318 ERROR backend.tools.python_coder_tool:execute:258 - [CodeExecutor] Execution failed: [WinError 2] 吏?뺣맂 ?뚯씪??李얠쓣 ???놁뒿?덈떎

2025-11-12 11:58:15,319 ERROR backend.tools.python_coder_tool:execute_code_task:466 - [PythonCoderTool] ??Execution failed on attempt 4

2025-11-12 11:58:15,319 ERROR backend.tools.python_coder_tool:execute_code_task:467 - [PythonCoderTool] Error: [WinError 2] 吏?뺣맂 ?뚯씪??李얠쓣 ???놁뒿?덈떎...

2025-11-12 11:58:15,320 INFO backend.tools.python_coder_tool:execute_code_task:468 - [PythonCoderTool] Attempting to fix code...

2025-11-12 11:58:16,536 INFO httpx:_send_single_request:1740 - HTTP Request: POST http://127.0.0.1:11434/api/chat "HTTP/1.1 200 OK"

2025-11-12 11:58:25,907 INFO backend.tools.python_coder_tool:_fix_execution_error:1499 - [PythonCoderTool] Fixed code after execution error

2025-11-12 11:58:25,907 INFO backend.tools.python_coder_tool:execute_code_task:448 - [PythonCoderTool] Execution attempt 5/5

2025-11-12 11:58:25,909 INFO backend.tools.python_coder_tool:execute:141 - [CodeExecutor] Using execution directory: D:\ollama_LLM\LLM_API\data\scratch\fb110a1a-4a65-46a0-a0a5-1e4cf07da9e9

2025-11-12 11:58:25,911 ERROR backend.tools.python_coder_tool:execute:258 - [CodeExecutor] Execution failed: [WinError 2] 吏?뺣맂 ?뚯씪??李얠쓣 ???놁뒿?덈떎

2025-11-12 11:58:25,911 ERROR backend.tools.python_coder_tool:execute_code_task:473 - [PythonCoderTool] ??Execution failed after 5 attempts

2025-11-12 11:58:25,912 ERROR backend.tools.python_coder_tool:execute_code_task:474 - [PythonCoderTool] Final error: [WinError 2] 吏?뺣맂 ?뚯씪??李얠쓣 ???놁뒿?덈떎

2025-11-12 11:58:25,912 INFO backend.tools.python_coder_tool:execute_code_task:494 - [PythonCoderTool] EXECUTION SUMMARY

2025-11-12 11:58:25,912 INFO backend.tools.python_coder_tool:execute_code_task:496 - Status: ??FAILED

2025-11-12 11:58:25,913 INFO backend.tools.python_coder_tool:execute_code_task:497 - Verification iterations: 5

2025-11-12 11:58:25,913 INFO backend.tools.python_coder_tool:execute_code_task:498 - Execution attempts: 5

2025-11-12 11:58:25,913 INFO backend.tools.python_coder_tool:execute_code_task:499 - Total modifications: 21

2025-11-12 11:58:25,914 INFO backend.tools.python_coder_tool:execute_code_task:500 - Execution time: 0.00s

2025-11-12 11:58:25,914 ERROR backend.tools.python_coder_tool:execute_code_task:504 - Error: [WinError 2] 吏?뺣맂 ?뚯씪??李얠쓣 ???놁뒿?덈떎...

2025-11-12 11:58:25,915 INFO backend.tasks.React:_execute_step:441 - [ReAct Step 2] Tool 'python_coder' did not achieve goal, trying next tool...

2025-11-12 11:58:25,915 INFO backend.tasks.React:_execute_step:413 - [ReAct Step 2] Attempt 2: Trying fallback tool 'python_code'

2025-11-12 11:58:26,862 INFO httpx:_send_single_request:1740 - HTTP Request: POST http://127.0.0.1:11434/api/chat "HTTP/1.1 200 OK"

2025-11-12 11:58:29,480 INFO backend.tasks.React:_execute_tool_for_step:556 - [ReAct Step 2] Passing plan context to python_coder

2025-11-12 11:58:29,481 INFO backend.tools.python_coder_tool:execute_code_task:360 - [PythonCoderTool] Executing task: ```python [...]

2025-11-12 11:58:29,482 INFO backend.tools.python_coder_tool:execute_code_task:366 - [PythonCoderTool] Preparing 1 file(s)...

2025-11-12 11:58:29,483 ERROR backend.tools.python_coder_tool:_prepare_files:530 - [PythonCoderTool] File not found: data\uploads\leesihun\temp_dd15daf8_complex_json.json

2025-11-12 11:58:29,484 ERROR backend.tools.python_coder_tool:execute_code_task:370 - [PythonCoderTool] Failed to validate any input files!

2025-11-12 11:58:29,485 INFO backend.tasks.React:_execute_step:441 - [ReAct Step 2] Tool 'python_code' did not achieve goal, trying next tool...

2025-11-12 11:58:29,485 WARNING backend.tasks.React:_execute_step:450 - [ReAct Step 2] FAILED - All tools exhausted

2025-11-12 11:58:29,486 INFO backend.tasks.React:execute_with_plan:350 - [ReAct Guided] Step 2 ??FAILED

2025-11-12 11:58:29,486 INFO backend.tasks.React:execute_with_plan:351 - Tool used: python_code

2025-11-12 11:58:29,487 INFO backend.tasks.React:execute_with_plan:352 - Attempts: 2

2025-11-12 11:58:29,487 INFO backend.tasks.React:execute_with_plan:328 - EXECUTING PLAN STEP 3/9

2025-11-12 11:58:29,488 INFO backend.tasks.React:execute_with_plan:329 - Goal: Compile the results into a final answer.

2025-11-12 11:58:29,489 INFO backend.tasks.React:execute_with_plan:330 - Primary Tools: ['python_coder']

2025-11-12 11:58:29,489 INFO backend.tasks.React:execute_with_plan:331 - Fallback Tools: ['chat']

2025-11-12 11:58:29,490 INFO backend.tasks.React:_execute_step:396 - [ReAct Step 3] Starting execution...

2025-11-12 11:58:29,490 INFO backend.tasks.React:_execute_step:413 - [ReAct Step 3] Attempt 1: Trying primary tool 'python_coder'

2025-11-12 11:58:30,512 INFO httpx:_send_single_request:1740 - HTTP Request: POST http://127.0.0.1:11434/api/chat "HTTP/1.1 200 OK"

2025-11-12 11:58:43,751 INFO backend.tasks.React:_execute_tool_for_step:556 - [ReAct Step 3] Passing plan context to python_coder

2025-11-12 11:58:43,751 INFO backend.tools.python_coder_tool:execute_code_task:360 - [PythonCoderTool] Executing task: ```tool_code [...]

2025-11-12 11:58:43,752 INFO backend.tools.python_coder_tool:execute_code_task:366 - [PythonCoderTool] Preparing 1 file(s)...

2025-11-12 11:58:43,752 ERROR backend.tools.python_coder_tool:_prepare_files:530 - [PythonCoderTool] File not found: data\uploads\leesihun\temp_dd15daf8_complex_json.json

2025-11-12 11:58:43,753 ERROR backend.tools.python_coder_tool:execute_code_task:370 - [PythonCoderTool] Failed to validate any input files!

2025-11-12 11:58:43,753 INFO backend.tasks.React:_execute_step:441 - [ReAct Step 3] Tool 'python_coder' did not achieve goal, trying next tool...

2025-11-12 11:58:43,753 INFO backend.tasks.React:_execute_step:413 - [ReAct Step 3] Attempt 2: Trying fallback tool 'chat'

2025-11-12 11:58:43,754 INFO backend.tasks.React:_execute_step:441 - [ReAct Step 3] Tool 'chat' did not achieve goal, trying next tool...

2025-11-12 11:58:43,754 WARNING backend.tasks.React:_execute_step:450 - [ReAct Step 3] FAILED - All tools exhausted

2025-11-12 11:58:43,754 INFO backend.tasks.React:execute_with_plan:350 - [ReAct Guided] Step 3 ??FAILED

2025-11-12 11:58:43,755 INFO backend.tasks.React:execute_with_plan:351 - Tool used: chat

2025-11-12 11:58:43,755 INFO backend.tasks.React:execute_with_plan:352 - Attempts: 2

2025-11-12 11:58:43,755 INFO backend.tasks.React:execute_with_plan:356 - [ReAct Guided] Finalizing answer...

2025-11-12 11:58:43,755 INFO backend.tasks.React:execute_with_plan:364 - Generating comprehensive final answer from all steps...

2025-11-12 11:58:45,144 INFO httpx:_send_single_request:1740 - HTTP Request: POST http://127.0.0.1:11434/api/chat "HTTP/1.1 200 OK"

2025-11-12 11:58:56,999 INFO backend.tasks.React:execute_with_plan:371 - [ReAct Agent: GUIDED MODE] EXECUTION COMPLETED

2025-11-12 11:58:56,999 INFO backend.tasks.React:execute_with_plan:372 - Total steps executed: 9

2025-11-12 11:58:57,000 INFO backend.tasks.React:execute_with_plan:373 - Successful steps: 5/9

2025-11-12 11:58:57,000 INFO backend.tasks.Plan_execute:execute:261 - [Plan-Execute] Phase 3: Analyzing execution results...

2025-11-12 11:58:57,001 INFO backend.tasks.Plan_execute:execute:271 - [Plan-Execute] Execution completed:

2025-11-12 11:58:57,001 INFO backend.tasks.Plan_execute:execute:272 - - Total steps: 9

2025-11-12 11:58:57,001 INFO backend.tasks.Plan_execute:execute:273 - - Successful steps: 5/9 (55.6%)

2025-11-12 11:58:57,002 INFO backend.tasks.Plan_execute:execute:274 - - Tools used: chat, python_code, python_coder

2025-11-12 11:58:57,019 INFO backend.api.routes:chat_completions:285 - [Chat] Saved conversation to session e4e1491f-c3c6-4878-8ffe-63b64954a5f1 (task_type: agentic)

2025-11-12 11:58:57,020 INFO backend.api.routes:chat_completions:287 - [Chat] Agent metadata included: ['agent_type', 'architecture', 'planning', 'execution', 'summary', 'agent_selected', 'agent_selection_mode']

